<?xml version="1.0" encoding="UTF-8"?>
<!-- Generated by org.testng.reporters.JUnitXMLReporter -->
<testsuite ignored="0" hostname="rajesh" failures="1" tests="5" name="Test" time="0.131" errors="0" timestamp="25 Oct 2021 18:50:23 GMT">
  <testcase classname="org.flow.Flow" name="tc1" time="0.022"/>
  <testcase classname="org.flow.Flow" name="tc2" time="0.003"/>
  <testcase classname="org.flow.Flow" name="tc3" time="0.014">
    <skipped/>
  </testcase> <!-- tc3 -->
  <testcase classname="org.flow.Flow" name="tc3" time="0.005">
    <failure type="java.lang.AssertionError" message="expected [true] but found [false]">
      <![CDATA[java.lang.AssertionError: expected [true] but found [false]
at org.flow.Flow.tc3(Flow.java:35)
... Removed 29 stack frames]]>
    </failure>
  </testcase> <!-- tc3 -->
  <testcase classname="org.flow.Flow" name="tc4" time="0.004"/>
</testsuite> <!-- Test -->
